# JRE version: Java(TM) SE Runtime Environment (8.0_172-b11) (build 1.8.0_172-b11)
# Java VM: Java HotSpot(TM) 64-Bit Server VM (25.172-b11 mixed mode windows-amd64 compressed oops)
Heap:
 PSYoungGen      total 177152K, used 120304K [0x00000000eab00000, 0x00000000fb080000, 0x0000000100000000)
  eden space 160768K, 74% used [0x00000000eab00000,0x00000000f207c0b0,0x00000000f4800000)
  from space 16384K, 0% used [0x00000000f4800000,0x00000000f4800000,0x00000000f5800000)
  to   space 16384K, 0% used [0x00000000fa080000,0x00000000fa080000,0x00000000fb080000)
 ParOldGen       total 86528K, used 38289K [0x00000000c0000000, 0x00000000c5480000, 0x00000000eab00000)
  object space 86528K, 44% used [0x00000000c0000000,0x00000000c25647d0,0x00000000c5480000)
 Metaspace       used 65935K, capacity 67948K, committed 67992K, reserved 1107968K
  class space    used 8875K, capacity 9353K, committed 9376K, reserved 1048576K
GC Heap History (10 events):
Event: 29.897 GC heap before
{Heap before GC invocations=14 (full 2):
 PSYoungGen      total 100864K, used 91136K [0x00000000eab00000, 0x00000000f3800000, 0x0000000100000000)
  eden space 91136K, 100% used [0x00000000eab00000,0x00000000f0400000,0x00000000f0400000)
  from space 9728K, 0% used [0x00000000f0400000,0x00000000f0400000,0x00000000f0d80000)
  to   space 9216K, 0% used [0x00000000f2f00000,0x00000000f2f00000,0x00000000f3800000)
 ParOldGen       total 50176K, used 15885K [0x00000000c0000000, 0x00000000c3100000, 0x00000000eab00000)
  object space 50176K, 31% used [0x00000000c0000000,0x00000000c0f83520,0x00000000c3100000)
 Metaspace       used 41572K, capacity 42112K, committed 42536K, reserved 1085440K
  class space    used 5649K, capacity 5818K, committed 5936K, reserved 1048576K
Event: 29.920 GC heap after
Heap after GC invocations=14 (full 2):
 PSYoungGen      total 131584K, used 9214K [0x00000000eab00000, 0x00000000f3800000, 0x0000000100000000)
  eden space 122368K, 0% used [0x00000000eab00000,0x00000000eab00000,0x00000000f2280000)
  from space 9216K, 99% used [0x00000000f2f00000,0x00000000f37ff988,0x00000000f3800000)
  to   space 10752K, 0% used [0x00000000f2300000,0x00000000f2300000,0x00000000f2d80000)
 ParOldGen       total 50176K, used 16184K [0x00000000c0000000, 0x00000000c3100000, 0x00000000eab00000)
  object space 50176K, 32% used [0x00000000c0000000,0x00000000c0fce2e0,0x00000000c3100000)
 Metaspace       used 41572K, capacity 42112K, committed 42536K, reserved 1085440K
  class space    used 5649K, capacity 5818K, committed 5936K, reserved 1048576K
}
Event: 35.458 GC heap before
{Heap before GC invocations=15 (full 2):
 PSYoungGen      total 131584K, used 131582K [0x00000000eab00000, 0x00000000f3800000, 0x0000000100000000)
  eden space 122368K, 100% used [0x00000000eab00000,0x00000000f2280000,0x00000000f2280000)
  from space 9216K, 99% used [0x00000000f2f00000,0x00000000f37ff988,0x00000000f3800000)
  to   space 10752K, 0% used [0x00000000f2300000,0x00000000f2300000,0x00000000f2d80000)
 ParOldGen       total 50176K, used 16184K [0x00000000c0000000, 0x00000000c3100000, 0x00000000eab00000)
  object space 50176K, 32% used [0x00000000c0000000,0x00000000c0fce2e0,0x00000000c3100000)
 Metaspace       used 50520K, capacity 51466K, committed 51752K, reserved 1093632K
  class space    used 6870K, capacity 7131K, committed 7216K, reserved 1048576K
Event: 35.491 GC heap after
Heap after GC invocations=15 (full 2):
 PSYoungGen      total 133632K, used 10733K [0x00000000eab00000, 0x00000000f6600000, 0x0000000100000000)
  eden space 122880K, 0% used [0x00000000eab00000,0x00000000eab00000,0x00000000f2300000)
  from space 10752K, 99% used [0x00000000f2300000,0x00000000f2d7b7a8,0x00000000f2d80000)
  to   space 14336K, 0% used [0x00000000f5800000,0x00000000f5800000,0x00000000f6600000)
 ParOldGen       total 50176K, used 23048K [0x00000000c0000000, 0x00000000c3100000, 0x00000000eab00000)
  object space 50176K, 45% used [0x00000000c0000000,0x00000000c1682198,0x00000000c3100000)
 Metaspace       used 50520K, capacity 51466K, committed 51752K, reserved 1093632K
  class space    used 6870K, capacity 7131K, committed 7216K, reserved 1048576K
}
Event: 40.365 GC heap before
{Heap before GC invocations=16 (full 2):
 PSYoungGen      total 133632K, used 133613K [0x00000000eab00000, 0x00000000f6600000, 0x0000000100000000)
  eden space 122880K, 100% used [0x00000000eab00000,0x00000000f2300000,0x00000000f2300000)
  from space 10752K, 99% used [0x00000000f2300000,0x00000000f2d7b7a8,0x00000000f2d80000)
  to   space 14336K, 0% used [0x00000000f5800000,0x00000000f5800000,0x00000000f6600000)
 ParOldGen       total 50176K, used 23048K [0x00000000c0000000, 0x00000000c3100000, 0x00000000eab00000)
  object space 50176K, 45% used [0x00000000c0000000,0x00000000c1682198,0x00000000c3100000)
 Metaspace       used 56429K, capacity 58216K, committed 58408K, reserved 1099776K
  class space    used 7770K, capacity 8197K, committed 8240K, reserved 1048576K
Event: 40.418 GC heap after
Heap after GC invocations=16 (full 2):
 PSYoungGen      total 175104K, used 13431K [0x00000000eab00000, 0x00000000f6c00000, 0x0000000100000000)
  eden space 160768K, 0% used [0x00000000eab00000,0x00000000eab00000,0x00000000f4800000)
  from space 14336K, 93% used [0x00000000f5800000,0x00000000f651de80,0x00000000f6600000)
  to   space 16384K, 0% used [0x00000000f4800000,0x00000000f4800000,0x00000000f5800000)
 ParOldGen       total 50176K, used 29409K [0x00000000c0000000, 0x00000000c3100000, 0x00000000eab00000)
  object space 50176K, 58% used [0x00000000c0000000,0x00000000c1cb87b0,0x00000000c3100000)
 Metaspace       used 56429K, capacity 58216K, committed 58408K, reserved 1099776K
  class space    used 7770K, capacity 8197K, committed 8240K, reserved 1048576K
}
Event: 40.848 GC heap before
{Heap before GC invocations=17 (full 2):
 PSYoungGen      total 175104K, used 38771K [0x00000000eab00000, 0x00000000f6c00000, 0x0000000100000000)
  eden space 160768K, 15% used [0x00000000eab00000,0x00000000ec3bee80,0x00000000f4800000)
  from space 14336K, 93% used [0x00000000f5800000,0x00000000f651de80,0x00000000f6600000)
  to   space 16384K, 0% used [0x00000000f4800000,0x00000000f4800000,0x00000000f5800000)
 ParOldGen       total 50176K, used 29409K [0x00000000c0000000, 0x00000000c3100000, 0x00000000eab00000)
  object space 50176K, 58% used [0x00000000c0000000,0x00000000c1cb87b0,0x00000000c3100000)
 Metaspace       used 57124K, capacity 59006K, committed 59160K, reserved 1099776K
  class space    used 7888K, capacity 8376K, committed 8480K, reserved 1048576K
Event: 40.876 GC heap after
Heap after GC invocations=17 (full 2):
 PSYoungGen      total 177152K, used 3078K [0x00000000eab00000, 0x00000000fb080000, 0x0000000100000000)
  eden space 160768K, 0% used [0x00000000eab00000,0x00000000eab00000,0x00000000f4800000)
  from space 16384K, 18% used [0x00000000f4800000,0x00000000f4b01930,0x00000000f5800000)
  to   space 16384K, 0% used [0x00000000fa080000,0x00000000fa080000,0x00000000fb080000)
 ParOldGen       total 50176K, used 39270K [0x00000000c0000000, 0x00000000c3100000, 0x00000000eab00000)
  object space 50176K, 78% used [0x00000000c0000000,0x00000000c2659920,0x00000000c3100000)
 Metaspace       used 57124K, capacity 59006K, committed 59160K, reserved 1099776K
  class space    used 7888K, capacity 8376K, committed 8480K, reserved 1048576K
}
Event: 40.876 GC heap before
{Heap before GC invocations=18 (full 3):
 PSYoungGen      total 177152K, used 3078K [0x00000000eab00000, 0x00000000fb080000, 0x0000000100000000)
  eden space 160768K, 0% used [0x00000000eab00000,0x00000000eab00000,0x00000000f4800000)
  from space 16384K, 18% used [0x00000000f4800000,0x00000000f4b01930,0x00000000f5800000)
  to   space 16384K, 0% used [0x00000000fa080000,0x00000000fa080000,0x00000000fb080000)
 ParOldGen       total 50176K, used 39270K [0x00000000c0000000, 0x00000000c3100000, 0x00000000eab00000)
  object space 50176K, 78% used [0x00000000c0000000,0x00000000c2659920,0x00000000c3100000)
 Metaspace       used 57124K, capacity 59006K, committed 59160K, reserved 1099776K
  class space    used 7888K, capacity 8376K, committed 8480K, reserved 1048576K
Event: 41.495 GC heap after
Heap after GC invocations=18 (full 3):
 PSYoungGen      total 177152K, used 0K [0x00000000eab00000, 0x00000000fb080000, 0x0000000100000000)
  eden space 160768K, 0% used [0x00000000eab00000,0x00000000eab00000,0x00000000f4800000)
  from space 16384K, 0% used [0x00000000f4800000,0x00000000f4800000,0x00000000f5800000)
  to   space 16384K, 0% used [0x00000000fa080000,0x00000000fa080000,0x00000000fb080000)
 ParOldGen       total 86528K, used 38289K [0x00000000c0000000, 0x00000000c5480000, 0x00000000eab00000)
  object space 86528K, 44% used [0x00000000c0000000,0x00000000c25647d0,0x00000000c5480000)
 Metaspace       used 57089K, capacity 58886K, committed 59160K, reserved 1099776K
  class space    used 7877K, capacity 8336K, committed 8480K, reserved 1048576K
}

